{"/Users/vladimirapostolov/Desktop/new-app/vite-project/components/NoteForm.jsx": {"path":"/Users/vladimirapostolov/Desktop/new-app/vite-project/components/NoteForm.jsx","statementMap":{"0":{"start":{"line":4,"column":6},"end":{"line":69,"column":null}},"1":{"start":{"line":5,"column":34},"end":{"line":5,"column":null}},"2":{"start":{"line":6,"column":38},"end":{"line":6,"column":null}},"3":{"start":{"line":7,"column":38},"end":{"line":7,"column":null}},"4":{"start":{"line":9,"column":10},"end":{"line":11,"column":null}},"5":{"start":{"line":10,"column":8},"end":{"line":10,"column":null}},"6":{"start":{"line":13,"column":10},"end":{"line":21,"column":null}},"7":{"start":{"line":14,"column":8},"end":{"line":14,"column":null}},"8":{"start":{"line":15,"column":8},"end":{"line":18,"column":null}},"9":{"start":{"line":18,"column":28},"end":{"line":18,"column":70}},"10":{"start":{"line":19,"column":8},"end":{"line":19,"column":null}},"11":{"start":{"line":20,"column":8},"end":{"line":20,"column":null}},"12":{"start":{"line":23,"column":10},"end":{"line":26,"column":null}},"13":{"start":{"line":24,"column":8},"end":{"line":24,"column":null}},"14":{"start":{"line":25,"column":8},"end":{"line":25,"column":null}},"15":{"start":{"line":28,"column":10},"end":{"line":60,"column":null}},"16":{"start":{"line":29,"column":8},"end":{"line":58,"column":null}},"17":{"start":{"line":47,"column":36},"end":{"line":47,"column":null}},"18":{"start":{"line":48,"column":36},"end":{"line":48,"column":null}},"19":{"start":{"line":62,"column":4},"end":{"line":67,"column":null}}},"fnMap":{"0":{"name":"(anonymous_0)","decl":{"start":{"line":4,"column":6},"end":{"line":4,"column":18}},"loc":{"start":{"line":4,"column":28},"end":{"line":69,"column":null}},"line":4},"1":{"name":"(anonymous_1)","decl":{"start":{"line":9,"column":10},"end":{"line":9,"column":26}},"loc":{"start":{"line":9,"column":32},"end":{"line":11,"column":null}},"line":9},"2":{"name":"(anonymous_2)","decl":{"start":{"line":13,"column":10},"end":{"line":13,"column":26}},"loc":{"start":{"line":13,"column":32},"end":{"line":21,"column":null}},"line":13},"3":{"name":"(anonymous_3)","decl":{"start":{"line":17,"column":21},"end":{"line":17,"column":26}},"loc":{"start":{"line":18,"column":28},"end":{"line":18,"column":70}},"line":18},"4":{"name":"(anonymous_4)","decl":{"start":{"line":23,"column":10},"end":{"line":23,"column":25}},"loc":{"start":{"line":23,"column":31},"end":{"line":26,"column":null}},"line":23},"5":{"name":"(anonymous_5)","decl":{"start":{"line":28,"column":10},"end":{"line":28,"column":27}},"loc":{"start":{"line":28,"column":27},"end":{"line":60,"column":null}},"line":28},"6":{"name":"(anonymous_6)","decl":{"start":{"line":46,"column":32},"end":{"line":46,"column":42}},"loc":{"start":{"line":46,"column":47},"end":{"line":49,"column":null}},"line":46}},"branchMap":{"0":{"loc":{"start":{"line":51,"column":32},"end":{"line":51,"column":null}},"type":"cond-expr","locations":[{"start":{"line":51,"column":44},"end":{"line":51,"column":53}},{"start":{"line":51,"column":53},"end":{"line":51,"column":null}}],"line":51},"1":{"loc":{"start":{"line":66,"column":9},"end":{"line":66,"column":null}},"type":"binary-expr","locations":[{"start":{"line":66,"column":9},"end":{"line":66,"column":22}},{"start":{"line":66,"column":22},"end":{"line":66,"column":null}}],"line":66}},"s":{"0":1,"1":39,"2":39,"3":39,"4":39,"5":32,"6":39,"7":1,"8":1,"9":1,"10":1,"11":1,"12":39,"13":3,"14":3,"15":39,"16":36,"17":0,"18":0,"19":39},"f":{"0":39,"1":32,"2":1,"3":1,"4":3,"5":36,"6":0},"b":{"0":[35,1],"1":[39,36]},"meta":{"lastBranch":2,"lastFunction":7,"lastStatement":20,"seen":{"s:4:6:69:Infinity":0,"f:4:6:4:18":0,"s:5:34:5:Infinity":1,"s:6:38:6:Infinity":2,"s:7:38:7:Infinity":3,"s:9:10:11:Infinity":4,"f:9:10:9:26":1,"s:10:8:10:Infinity":5,"s:13:10:21:Infinity":6,"f:13:10:13:26":2,"s:14:8:14:Infinity":7,"s:15:8:18:Infinity":8,"f:17:21:17:26":3,"s:18:28:18:70":9,"s:19:8:19:Infinity":10,"s:20:8:20:Infinity":11,"s:23:10:26:Infinity":12,"f:23:10:23:25":4,"s:24:8:24:Infinity":13,"s:25:8:25:Infinity":14,"s:28:10:60:Infinity":15,"f:28:10:28:27":5,"s:29:8:58:Infinity":16,"f:46:32:46:42":6,"s:47:36:47:Infinity":17,"s:48:36:48:Infinity":18,"b:51:44:51:53:51:53:51:Infinity":0,"s:62:4:67:Infinity":19,"b:66:9:66:22:66:22:66:Infinity":1},"fnNames":{}}}
,"/Users/vladimirapostolov/Desktop/new-app/vite-project/services/noteServices.js": {"path":"/Users/vladimirapostolov/Desktop/new-app/vite-project/services/noteServices.js","statementMap":{"0":{"start":{"line":3,"column":17},"end":{"line":10,"column":null}},"1":{"start":{"line":4,"column":21},"end":{"line":4,"column":null}},"2":{"start":{"line":5,"column":4},"end":{"line":7,"column":null}},"3":{"start":{"line":6,"column":8},"end":{"line":6,"column":null}},"4":{"start":{"line":9,"column":4},"end":{"line":9,"column":null}},"5":{"start":{"line":12,"column":21},"end":{"line":28,"column":null}},"6":{"start":{"line":13,"column":21},"end":{"line":18,"column":null}},"7":{"start":{"line":20,"column":4},"end":{"line":22,"column":null}},"8":{"start":{"line":21,"column":8},"end":{"line":21,"column":null}},"9":{"start":{"line":24,"column":17},"end":{"line":24,"column":null}},"10":{"start":{"line":26,"column":4},"end":{"line":26,"column":null}},"11":{"start":{"line":30,"column":21},"end":{"line":48,"column":null}},"12":{"start":{"line":31,"column":21},"end":{"line":41,"column":null}},"13":{"start":{"line":43,"column":4},"end":{"line":45,"column":null}},"14":{"start":{"line":44,"column":8},"end":{"line":44,"column":null}},"15":{"start":{"line":47,"column":4},"end":{"line":47,"column":null}}},"fnMap":{"0":{"name":"(anonymous_0)","decl":{"start":{"line":3,"column":17},"end":{"line":3,"column":29}},"loc":{"start":{"line":3,"column":29},"end":{"line":10,"column":null}},"line":3},"1":{"name":"(anonymous_1)","decl":{"start":{"line":12,"column":21},"end":{"line":12,"column":28}},"loc":{"start":{"line":12,"column":37},"end":{"line":28,"column":null}},"line":12},"2":{"name":"(anonymous_2)","decl":{"start":{"line":30,"column":21},"end":{"line":30,"column":28}},"loc":{"start":{"line":30,"column":37},"end":{"line":48,"column":null}},"line":30}},"branchMap":{"0":{"loc":{"start":{"line":5,"column":4},"end":{"line":7,"column":null}},"type":"if","locations":[{"start":{"line":5,"column":4},"end":{"line":7,"column":null}},{"start":{},"end":{}}],"line":5},"1":{"loc":{"start":{"line":20,"column":4},"end":{"line":22,"column":null}},"type":"if","locations":[{"start":{"line":20,"column":4},"end":{"line":22,"column":null}},{"start":{},"end":{}}],"line":20},"2":{"loc":{"start":{"line":43,"column":4},"end":{"line":45,"column":null}},"type":"if","locations":[{"start":{"line":43,"column":4},"end":{"line":45,"column":null}},{"start":{},"end":{}}],"line":43}},"s":{"0":1,"1":0,"2":0,"3":0,"4":0,"5":1,"6":0,"7":0,"8":0,"9":0,"10":0,"11":1,"12":0,"13":0,"14":0,"15":0},"f":{"0":0,"1":0,"2":0},"b":{"0":[0,0],"1":[0,0],"2":[0,0]},"meta":{"lastBranch":3,"lastFunction":3,"lastStatement":16,"seen":{"s:3:17:10:Infinity":0,"f:3:17:3:29":0,"s:4:21:4:Infinity":1,"b:5:4:7:Infinity:undefined:undefined:undefined:undefined":0,"s:5:4:7:Infinity":2,"s:6:8:6:Infinity":3,"s:9:4:9:Infinity":4,"s:12:21:28:Infinity":5,"f:12:21:12:28":1,"s:13:21:18:Infinity":6,"b:20:4:22:Infinity:undefined:undefined:undefined:undefined":1,"s:20:4:22:Infinity":7,"s:21:8:21:Infinity":8,"s:24:17:24:Infinity":9,"s:26:4:26:Infinity":10,"s:30:21:48:Infinity":11,"f:30:21:30:28":2,"s:31:21:41:Infinity":12,"b:43:4:45:Infinity:undefined:undefined:undefined:undefined":2,"s:43:4:45:Infinity":13,"s:44:8:44:Infinity":14,"s:47:4:47:Infinity":15},"fnNames":{}}}
,"/Users/vladimirapostolov/Desktop/new-app/vite-project/services/userServices.js": {"path":"/Users/vladimirapostolov/Desktop/new-app/vite-project/services/userServices.js","statementMap":{"0":{"start":{"line":1,"column":12},"end":{"line":1,"column":null}},"1":{"start":{"line":3,"column":6},"end":{"line":5,"column":null}},"2":{"start":{"line":4,"column":4},"end":{"line":4,"column":null}},"3":{"start":{"line":7,"column":6},"end":{"line":9,"column":null}},"4":{"start":{"line":8,"column":4},"end":{"line":8,"column":null}},"5":{"start":{"line":11,"column":16},"end":{"line":28,"column":null}},"6":{"start":{"line":12,"column":21},"end":{"line":18,"column":null}},"7":{"start":{"line":20,"column":4},"end":{"line":22,"column":null}},"8":{"start":{"line":21,"column":8},"end":{"line":21,"column":null}},"9":{"start":{"line":24,"column":17},"end":{"line":24,"column":null}},"10":{"start":{"line":25,"column":4},"end":{"line":25,"column":null}},"11":{"start":{"line":27,"column":4},"end":{"line":27,"column":null}}},"fnMap":{"0":{"name":"(anonymous_0)","decl":{"start":{"line":3,"column":6},"end":{"line":3,"column":22}},"loc":{"start":{"line":3,"column":22},"end":{"line":5,"column":null}},"line":3},"1":{"name":"(anonymous_1)","decl":{"start":{"line":7,"column":6},"end":{"line":7,"column":18}},"loc":{"start":{"line":7,"column":28},"end":{"line":9,"column":null}},"line":7},"2":{"name":"(anonymous_2)","decl":{"start":{"line":11,"column":16},"end":{"line":11,"column":23}},"loc":{"start":{"line":11,"column":46},"end":{"line":28,"column":null}},"line":11}},"branchMap":{"0":{"loc":{"start":{"line":20,"column":4},"end":{"line":22,"column":null}},"type":"if","locations":[{"start":{"line":20,"column":4},"end":{"line":22,"column":null}},{"start":{},"end":{}}],"line":20}},"s":{"0":1,"1":1,"2":0,"3":1,"4":0,"5":1,"6":0,"7":0,"8":0,"9":0,"10":0,"11":0},"f":{"0":0,"1":0,"2":0},"b":{"0":[0,0]},"meta":{"lastBranch":1,"lastFunction":3,"lastStatement":12,"seen":{"s:1:12:1:Infinity":0,"s:3:6:5:Infinity":1,"f:3:6:3:22":0,"s:4:4:4:Infinity":2,"s:7:6:9:Infinity":3,"f:7:6:7:18":1,"s:8:4:8:Infinity":4,"s:11:16:28:Infinity":5,"f:11:16:11:23":2,"s:12:21:18:Infinity":6,"b:20:4:22:Infinity:undefined:undefined:undefined:undefined":0,"s:20:4:22:Infinity":7,"s:21:8:21:Infinity":8,"s:24:17:24:Infinity":9,"s:25:4:25:Infinity":10,"s:27:4:27:Infinity":11},"fnNames":{}}}
}
